INFO - 2023-07-21 01:02:22 --> Session: Class initialized using 'CodeIgniter\Session\Handlers\FileHandler' driver.
INFO - 2023-07-21 01:02:32 --> Session: Class initialized using 'CodeIgniter\Session\Handlers\FileHandler' driver.
INFO - 2023-07-21 01:02:44 --> Session: Class initialized using 'CodeIgniter\Session\Handlers\FileHandler' driver.
INFO - 2023-07-21 01:03:47 --> Session: Class initialized using 'CodeIgniter\Session\Handlers\FileHandler' driver.
INFO - 2023-07-21 01:03:49 --> Session: Class initialized using 'CodeIgniter\Session\Handlers\FileHandler' driver.
INFO - 2023-07-21 01:03:54 --> Session: Class initialized using 'CodeIgniter\Session\Handlers\FileHandler' driver.
INFO - 2023-07-21 01:03:55 --> Session: Class initialized using 'CodeIgniter\Session\Handlers\FileHandler' driver.
INFO - 2023-07-21 01:04:02 --> Session: Class initialized using 'CodeIgniter\Session\Handlers\FileHandler' driver.
INFO - 2023-07-21 01:04:06 --> Session: Class initialized using 'CodeIgniter\Session\Handlers\FileHandler' driver.
INFO - 2023-07-21 01:04:07 --> Session: Class initialized using 'CodeIgniter\Session\Handlers\FileHandler' driver.
INFO - 2023-07-21 01:04:25 --> Session: Class initialized using 'CodeIgniter\Session\Handlers\FileHandler' driver.
INFO - 2023-07-21 01:04:28 --> Session: Class initialized using 'CodeIgniter\Session\Handlers\FileHandler' driver.
INFO - 2023-07-21 01:04:34 --> Session: Class initialized using 'CodeIgniter\Session\Handlers\FileHandler' driver.
INFO - 2023-07-21 03:20:09 --> Session: Class initialized using 'CodeIgniter\Session\Handlers\FileHandler' driver.
INFO - 2023-07-21 03:20:23 --> Session: Class initialized using 'CodeIgniter\Session\Handlers\FileHandler' driver.
INFO - 2023-07-21 03:20:41 --> Session: Class initialized using 'CodeIgniter\Session\Handlers\FileHandler' driver.
INFO - 2023-07-21 03:20:41 --> Session: Class initialized using 'CodeIgniter\Session\Handlers\FileHandler' driver.
INFO - 2023-07-21 03:20:45 --> Session: Class initialized using 'CodeIgniter\Session\Handlers\FileHandler' driver.
INFO - 2023-07-21 03:21:11 --> Session: Class initialized using 'CodeIgniter\Session\Handlers\FileHandler' driver.
INFO - 2023-07-21 03:21:19 --> Session: Class initialized using 'CodeIgniter\Session\Handlers\FileHandler' driver.
INFO - 2023-07-21 03:21:24 --> Session: Class initialized using 'CodeIgniter\Session\Handlers\FileHandler' driver.
INFO - 2023-07-21 03:21:27 --> Session: Class initialized using 'CodeIgniter\Session\Handlers\FileHandler' driver.
INFO - 2023-07-21 03:21:31 --> Session: Class initialized using 'CodeIgniter\Session\Handlers\FileHandler' driver.
INFO - 2023-07-21 03:21:35 --> Session: Class initialized using 'CodeIgniter\Session\Handlers\FileHandler' driver.
INFO - 2023-07-21 03:24:35 --> Session: Class initialized using 'CodeIgniter\Session\Handlers\FileHandler' driver.
INFO - 2023-07-21 04:07:05 --> Session: Class initialized using 'CodeIgniter\Session\Handlers\FileHandler' driver.
ERROR - 2023-07-21 04:09:05 --> mysqli_sql_exception: Table 'asabiotech.posts' doesn't exist in D:\laragon\www\asabiotech\system\Database\MySQLi\Connection.php:295
Stack trace:
#0 D:\laragon\www\asabiotech\system\Database\MySQLi\Connection.php(295): mysqli->query('SELECT *\nFROM `...', 0)
#1 D:\laragon\www\asabiotech\system\Database\BaseConnection.php(692): CodeIgniter\Database\MySQLi\Connection->execute('SELECT *\nFROM `...')
#2 D:\laragon\www\asabiotech\system\Database\BaseConnection.php(606): CodeIgniter\Database\BaseConnection->simpleQuery('SELECT *\nFROM `...')
#3 D:\laragon\www\asabiotech\system\Database\BaseBuilder.php(1616): CodeIgniter\Database\BaseConnection->query('SELECT *\nFROM `...', Array, false)
#4 D:\laragon\www\asabiotech\system\Model.php(241): CodeIgniter\Database\BaseBuilder->get()
#5 D:\laragon\www\asabiotech\system\BaseModel.php(618): CodeIgniter\Model->doFindAll(0, 0)
#6 D:\laragon\www\asabiotech\app\Models\postModel.php(16): CodeIgniter\BaseModel->findAll()
#7 D:\laragon\www\asabiotech\app\Controllers\BlogController.php(14): App\Models\PostModel->getPosts()
#8 D:\laragon\www\asabiotech\system\CodeIgniter.php(932): App\Controllers\BlogController->index()
#9 D:\laragon\www\asabiotech\system\CodeIgniter.php(497): CodeIgniter\CodeIgniter->runController(Object(App\Controllers\BlogController))
#10 D:\laragon\www\asabiotech\system\CodeIgniter.php(366): CodeIgniter\CodeIgniter->handleRequest(NULL, Object(Config\Cache), false)
#11 D:\laragon\www\asabiotech\public\index.php(67): CodeIgniter\CodeIgniter->run()
#12 D:\laragon\www\asabiotech\system\Commands\Server\rewrite.php(47): require_once('D:\\laragon\\www\\...')
#13 {main}
CRITICAL - 2023-07-21 04:09:05 --> Table 'asabiotech.posts' doesn't exist
in SYSTEMPATH\Database\MySQLi\Connection.php on line 295.
 1 SYSTEMPATH\Database\MySQLi\Connection.php(295): mysqli->query('SELECT *
FROM `posts`', 0)
 2 SYSTEMPATH\Database\BaseConnection.php(692): CodeIgniter\Database\MySQLi\Connection->execute('SELECT *
FROM `posts`')
 3 SYSTEMPATH\Database\BaseConnection.php(606): CodeIgniter\Database\BaseConnection->simpleQuery('SELECT *
FROM `posts`')
 4 SYSTEMPATH\Database\BaseBuilder.php(1616): CodeIgniter\Database\BaseConnection->query('SELECT *
FROM `posts`', [], false)
 5 SYSTEMPATH\Model.php(241): CodeIgniter\Database\BaseBuilder->get()
 6 SYSTEMPATH\BaseModel.php(618): CodeIgniter\Model->doFindAll(0, 0)
 7 APPPATH\Models\postModel.php(16): CodeIgniter\BaseModel->findAll()
 8 APPPATH\Controllers\BlogController.php(14): App\Models\PostModel->getPosts()
 9 SYSTEMPATH\CodeIgniter.php(932): App\Controllers\BlogController->index()
10 SYSTEMPATH\CodeIgniter.php(497): CodeIgniter\CodeIgniter->runController(Object(App\Controllers\BlogController))
11 SYSTEMPATH\CodeIgniter.php(366): CodeIgniter\CodeIgniter->handleRequest(null, Object(Config\Cache), false)
12 FCPATH\index.php(67): CodeIgniter\CodeIgniter->run()
13 SYSTEMPATH\Commands\Server\rewrite.php(47): require_once('D:\\laragon\\www\\asabiotech\\public\\index.php')
INFO - 2023-07-21 04:13:23 --> Session: Class initialized using 'CodeIgniter\Session\Handlers\FileHandler' driver.
INFO - 2023-07-21 04:13:45 --> Session: Class initialized using 'CodeIgniter\Session\Handlers\FileHandler' driver.
ERROR - 2023-07-21 04:13:47 --> mysqli_sql_exception: Table 'asabiotech.posts' doesn't exist in D:\laragon\www\asabiotech\system\Database\MySQLi\Connection.php:295
Stack trace:
#0 D:\laragon\www\asabiotech\system\Database\MySQLi\Connection.php(295): mysqli->query('SELECT *\nFROM `...', 0)
#1 D:\laragon\www\asabiotech\system\Database\BaseConnection.php(692): CodeIgniter\Database\MySQLi\Connection->execute('SELECT *\nFROM `...')
#2 D:\laragon\www\asabiotech\system\Database\BaseConnection.php(606): CodeIgniter\Database\BaseConnection->simpleQuery('SELECT *\nFROM `...')
#3 D:\laragon\www\asabiotech\system\Database\BaseBuilder.php(1616): CodeIgniter\Database\BaseConnection->query('SELECT *\nFROM `...', Array, false)
#4 D:\laragon\www\asabiotech\system\Model.php(241): CodeIgniter\Database\BaseBuilder->get()
#5 D:\laragon\www\asabiotech\system\BaseModel.php(618): CodeIgniter\Model->doFindAll(0, 0)
#6 D:\laragon\www\asabiotech\app\Models\PostModel.php(16): CodeIgniter\BaseModel->findAll()
#7 D:\laragon\www\asabiotech\app\Controllers\BlogController.php(14): App\Models\PostModel->getPosts()
#8 D:\laragon\www\asabiotech\system\CodeIgniter.php(932): App\Controllers\BlogController->index()
#9 D:\laragon\www\asabiotech\system\CodeIgniter.php(497): CodeIgniter\CodeIgniter->runController(Object(App\Controllers\BlogController))
#10 D:\laragon\www\asabiotech\system\CodeIgniter.php(366): CodeIgniter\CodeIgniter->handleRequest(NULL, Object(Config\Cache), false)
#11 D:\laragon\www\asabiotech\public\index.php(67): CodeIgniter\CodeIgniter->run()
#12 D:\laragon\www\asabiotech\system\Commands\Server\rewrite.php(47): require_once('D:\\laragon\\www\\...')
#13 {main}
CRITICAL - 2023-07-21 04:13:47 --> Table 'asabiotech.posts' doesn't exist
in SYSTEMPATH\Database\MySQLi\Connection.php on line 295.
 1 SYSTEMPATH\Database\MySQLi\Connection.php(295): mysqli->query('SELECT *
FROM `posts`', 0)
 2 SYSTEMPATH\Database\BaseConnection.php(692): CodeIgniter\Database\MySQLi\Connection->execute('SELECT *
FROM `posts`')
 3 SYSTEMPATH\Database\BaseConnection.php(606): CodeIgniter\Database\BaseConnection->simpleQuery('SELECT *
FROM `posts`')
 4 SYSTEMPATH\Database\BaseBuilder.php(1616): CodeIgniter\Database\BaseConnection->query('SELECT *
FROM `posts`', [], false)
 5 SYSTEMPATH\Model.php(241): CodeIgniter\Database\BaseBuilder->get()
 6 SYSTEMPATH\BaseModel.php(618): CodeIgniter\Model->doFindAll(0, 0)
 7 APPPATH\Models\PostModel.php(16): CodeIgniter\BaseModel->findAll()
 8 APPPATH\Controllers\BlogController.php(14): App\Models\PostModel->getPosts()
 9 SYSTEMPATH\CodeIgniter.php(932): App\Controllers\BlogController->index()
10 SYSTEMPATH\CodeIgniter.php(497): CodeIgniter\CodeIgniter->runController(Object(App\Controllers\BlogController))
11 SYSTEMPATH\CodeIgniter.php(366): CodeIgniter\CodeIgniter->handleRequest(null, Object(Config\Cache), false)
12 FCPATH\index.php(67): CodeIgniter\CodeIgniter->run()
13 SYSTEMPATH\Commands\Server\rewrite.php(47): require_once('D:\\laragon\\www\\asabiotech\\public\\index.php')
INFO - 2023-07-21 04:39:52 --> Session: Class initialized using 'CodeIgniter\Session\Handlers\FileHandler' driver.
CRITICAL - 2023-07-21 04:42:04 --> Undefined property: App\Controllers\BlogController::$title
in APPPATH\Controllers\BlogController.php on line 27.
 1 APPPATH\Controllers\BlogController.php(27): CodeIgniter\Debug\Exceptions->errorHandler(8, 'Undefined property: App\\Controllers\\BlogController::$title', 'D:\\laragon\\www\\asabiotech\\app\\Controllers\\BlogController.php', 27, [])
 2 SYSTEMPATH\CodeIgniter.php(932): App\Controllers\BlogController->tambah()
 3 SYSTEMPATH\CodeIgniter.php(497): CodeIgniter\CodeIgniter->runController(Object(App\Controllers\BlogController))
 4 SYSTEMPATH\CodeIgniter.php(366): CodeIgniter\CodeIgniter->handleRequest(null, Object(Config\Cache), false)
 5 FCPATH\index.php(67): CodeIgniter\CodeIgniter->run()
 6 SYSTEMPATH\Commands\Server\rewrite.php(47): require_once('D:\\laragon\\www\\asabiotech\\public\\index.php')
CRITICAL - 2023-07-21 04:42:26 --> Undefined variable: posts
in APPPATH\Views\Dashboard\blog.php on line 18.
 1 APPPATH\Views\Dashboard\blog.php(18): CodeIgniter\Debug\Exceptions->errorHandler(8, 'Undefined variable: posts', 'D:\\laragon\\www\\asabiotech\\app\\Views\\Dashboard\\blog.php', 18, [...])
 2 SYSTEMPATH\View\View.php(224): include('D:\\laragon\\www\\asabiotech\\app\\Views\\Dashboard\\blog.php')
 3 SYSTEMPATH\View\View.php(227): CodeIgniter\View\View->CodeIgniter\View\{closure}()
 4 SYSTEMPATH\Common.php(1180): CodeIgniter\View\View->render('dashboard/blog', [], true)
 5 APPPATH\Controllers\BlogController.php(30): view('dashboard/blog', [...])
 6 SYSTEMPATH\CodeIgniter.php(932): App\Controllers\BlogController->tambah()
 7 SYSTEMPATH\CodeIgniter.php(497): CodeIgniter\CodeIgniter->runController(Object(App\Controllers\BlogController))
 8 SYSTEMPATH\CodeIgniter.php(366): CodeIgniter\CodeIgniter->handleRequest(null, Object(Config\Cache), false)
 9 FCPATH\index.php(67): CodeIgniter\CodeIgniter->run()
10 SYSTEMPATH\Commands\Server\rewrite.php(47): require_once('D:\\laragon\\www\\asabiotech\\public\\index.php')
CRITICAL - 2023-07-21 04:43:12 --> Undefined variable: posts
in APPPATH\Views\Dashboard\blog.php on line 18.
 1 APPPATH\Views\Dashboard\blog.php(18): CodeIgniter\Debug\Exceptions->errorHandler(8, 'Undefined variable: posts', 'D:\\laragon\\www\\asabiotech\\app\\Views\\Dashboard\\blog.php', 18, [...])
 2 SYSTEMPATH\View\View.php(224): include('D:\\laragon\\www\\asabiotech\\app\\Views\\Dashboard\\blog.php')
 3 SYSTEMPATH\View\View.php(227): CodeIgniter\View\View->CodeIgniter\View\{closure}()
 4 SYSTEMPATH\Common.php(1180): CodeIgniter\View\View->render('dashboard/blog', [], true)
 5 APPPATH\Controllers\BlogController.php(30): view('dashboard/blog', [...])
 6 SYSTEMPATH\CodeIgniter.php(932): App\Controllers\BlogController->tambah()
 7 SYSTEMPATH\CodeIgniter.php(497): CodeIgniter\CodeIgniter->runController(Object(App\Controllers\BlogController))
 8 SYSTEMPATH\CodeIgniter.php(366): CodeIgniter\CodeIgniter->handleRequest(null, Object(Config\Cache), false)
 9 FCPATH\index.php(67): CodeIgniter\CodeIgniter->run()
10 SYSTEMPATH\Commands\Server\rewrite.php(47): require_once('D:\\laragon\\www\\asabiotech\\public\\index.php')
INFO - 2023-07-21 04:45:02 --> Session: Class initialized using 'CodeIgniter\Session\Handlers\FileHandler' driver.
INFO - 2023-07-21 04:46:11 --> Session: Class initialized using 'CodeIgniter\Session\Handlers\FileHandler' driver.
INFO - 2023-07-21 04:46:13 --> Session: Class initialized using 'CodeIgniter\Session\Handlers\FileHandler' driver.
INFO - 2023-07-21 06:20:56 --> Session: Class initialized using 'CodeIgniter\Session\Handlers\FileHandler' driver.
INFO - 2023-07-21 09:14:04 --> Session: Class initialized using 'CodeIgniter\Session\Handlers\FileHandler' driver.
INFO - 2023-07-21 09:14:20 --> Session: Class initialized using 'CodeIgniter\Session\Handlers\FileHandler' driver.
INFO - 2023-07-21 09:14:20 --> Session: Class initialized using 'CodeIgniter\Session\Handlers\FileHandler' driver.
INFO - 2023-07-21 09:14:30 --> Session: Class initialized using 'CodeIgniter\Session\Handlers\FileHandler' driver.
INFO - 2023-07-21 09:14:30 --> Session: Class initialized using 'CodeIgniter\Session\Handlers\FileHandler' driver.
INFO - 2023-07-21 09:15:50 --> Session: Class initialized using 'CodeIgniter\Session\Handlers\FileHandler' driver.
INFO - 2023-07-21 09:15:51 --> Session: Class initialized using 'CodeIgniter\Session\Handlers\FileHandler' driver.
INFO - 2023-07-21 09:15:56 --> Session: Class initialized using 'CodeIgniter\Session\Handlers\FileHandler' driver.
INFO - 2023-07-21 09:15:57 --> Session: Class initialized using 'CodeIgniter\Session\Handlers\FileHandler' driver.
INFO - 2023-07-21 09:16:06 --> Session: Class initialized using 'CodeIgniter\Session\Handlers\FileHandler' driver.
INFO - 2023-07-21 09:16:06 --> Session: Class initialized using 'CodeIgniter\Session\Handlers\FileHandler' driver.
INFO - 2023-07-21 09:16:14 --> Session: Class initialized using 'CodeIgniter\Session\Handlers\FileHandler' driver.
INFO - 2023-07-21 09:18:11 --> Session: Class initialized using 'CodeIgniter\Session\Handlers\FileHandler' driver.
INFO - 2023-07-21 09:34:36 --> Session: Class initialized using 'CodeIgniter\Session\Handlers\FileHandler' driver.
INFO - 2023-07-21 09:34:40 --> Session: Class initialized using 'CodeIgniter\Session\Handlers\FileHandler' driver.
CRITICAL - 2023-07-21 09:34:41 --> Class 'App\Controllers\SliderModel' not found
in APPPATH\Controllers\Home.php on line 12.
 1 SYSTEMPATH\CodeIgniter.php(932): App\Controllers\Home->index()
 2 SYSTEMPATH\CodeIgniter.php(497): CodeIgniter\CodeIgniter->runController(Object(App\Controllers\Home))
 3 SYSTEMPATH\CodeIgniter.php(366): CodeIgniter\CodeIgniter->handleRequest(null, Object(Config\Cache), false)
 4 FCPATH\index.php(67): CodeIgniter\CodeIgniter->run()
 5 SYSTEMPATH\Commands\Server\rewrite.php(47): require_once('D:\\laragon\\www\\asabiotech\\public\\index.php')
INFO - 2023-07-21 09:35:59 --> Session: Class initialized using 'CodeIgniter\Session\Handlers\FileHandler' driver.
CRITICAL - 2023-07-21 09:35:59 --> Undefined variable: index
in APPPATH\Views\page\beranda.php on line 67.
 1 APPPATH\Views\page\beranda.php(67): CodeIgniter\Debug\Exceptions->errorHandler(8, 'Undefined variable: index', 'D:\\laragon\\www\\asabiotech\\app\\Views\\page\\beranda.php', 67, [...])
 2 SYSTEMPATH\View\View.php(224): include('D:\\laragon\\www\\asabiotech\\app\\Views\\page\\beranda.php')
 3 SYSTEMPATH\View\View.php(227): CodeIgniter\View\View->CodeIgniter\View\{closure}()
 4 SYSTEMPATH\Common.php(1180): CodeIgniter\View\View->render('page/beranda', [], true)
 5 APPPATH\Controllers\Home.php(18): view('page/beranda', [...])
 6 SYSTEMPATH\CodeIgniter.php(932): App\Controllers\Home->index()
 7 SYSTEMPATH\CodeIgniter.php(497): CodeIgniter\CodeIgniter->runController(Object(App\Controllers\Home))
 8 SYSTEMPATH\CodeIgniter.php(366): CodeIgniter\CodeIgniter->handleRequest(null, Object(Config\Cache), false)
 9 FCPATH\index.php(67): CodeIgniter\CodeIgniter->run()
10 SYSTEMPATH\Commands\Server\rewrite.php(47): require_once('D:\\laragon\\www\\asabiotech\\public\\index.php')
INFO - 2023-07-21 09:46:06 --> Session: Class initialized using 'CodeIgniter\Session\Handlers\FileHandler' driver.
INFO - 2023-07-21 09:49:23 --> Session: Class initialized using 'CodeIgniter\Session\Handlers\FileHandler' driver.
CRITICAL - 2023-07-21 09:49:23 --> Undefined variable: sliders
in APPPATH\Views\page\beranda.php on line 66.
 1 APPPATH\Views\page\beranda.php(66): CodeIgniter\Debug\Exceptions->errorHandler(8, 'Undefined variable: sliders', 'D:\\laragon\\www\\asabiotech\\app\\Views\\page\\beranda.php', 66, [...])
 2 SYSTEMPATH\View\View.php(224): include('D:\\laragon\\www\\asabiotech\\app\\Views\\page\\beranda.php')
 3 SYSTEMPATH\View\View.php(227): CodeIgniter\View\View->CodeIgniter\View\{closure}()
 4 SYSTEMPATH\Common.php(1180): CodeIgniter\View\View->render('page/beranda', [], true)
 5 APPPATH\Controllers\Home.php(18): view('page/beranda', [...])
 6 SYSTEMPATH\CodeIgniter.php(932): App\Controllers\Home->index()
 7 SYSTEMPATH\CodeIgniter.php(497): CodeIgniter\CodeIgniter->runController(Object(App\Controllers\Home))
 8 SYSTEMPATH\CodeIgniter.php(366): CodeIgniter\CodeIgniter->handleRequest(null, Object(Config\Cache), false)
 9 FCPATH\index.php(67): CodeIgniter\CodeIgniter->run()
10 SYSTEMPATH\Commands\Server\rewrite.php(47): require_once('D:\\laragon\\www\\asabiotech\\public\\index.php')
INFO - 2023-07-21 09:49:31 --> Session: Class initialized using 'CodeIgniter\Session\Handlers\FileHandler' driver.
